<?xml version="1.0" encoding="UTF-8"?>
<!-- Generated by org.testng.reporters.JUnitXMLReporter -->
<testsuite ignored="0" hostname="DESKTOP-JKMLIMQ" failures="0" tests="3" name="W3School" time="8.323" errors="0" timestamp="2023-10-13T00:31:04 IST">
  <testcase classname="testScripts.W3School_Test" name="test_theLogo" time="0.042"/>
  <testcase classname="testScripts.W3School_Test" name="test_the_SearchTextBox" time="0.036"/>
  <testcase classname="testScripts.W3School_Test" name="title_url" time="0.015"/>
</testsuite> <!-- W3School -->
