<?xml version="1.0" encoding="UTF-8"?>
<!-- Generated by org.testng.reporters.JUnitXMLReporter -->
<testsuite ignored="0" hostname="DESKTOP-JKMLIMQ" failures="0" tests="3" name="Contact us" time="7.143" errors="0" timestamp="2023-10-17T22:56:34 IST">
  <testcase classname="testing_Oct10th.TC_003" name="test_Contact_us_2" time="1.329"/>
  <testcase classname="testing_Oct10th.TC_003" name="test_homepage_1" time="0.749"/>
  <testcase classname="testing_Oct10th.TC_003" name="testing_3" time="0.004"/>
</testsuite> <!-- Contact us -->
